{"name":"selectAGivenCountry","id":"way2automation.features.DropdownTest:selectAGivenCountry","testCaseName":"way2automation.features.DropdownTest","testSteps":[{"number":1,"description":"Open login","duration":15201,"startTime":"2019-10-01T17:33:19.369+03:00[Europe/Athens]","screenshots":[{"screenshot":"38c5a35ce0cba057e096b88fab60d27e4b96f32c0b841662cb412f917b116b23.png"}],"result":"SUCCESS","precondition":false},{"number":2,"description":"Submit login form: test, test","duration":9402,"startTime":"2019-10-01T17:33:34.580+03:00[Europe/Athens]","screenshots":[{"screenshot":"930ffc66dc6a9b39ca1ae6f20a81371d593ec65c798b490c47284bc30131b81f.png"},{"screenshot":"9b691fcf49cb25688f84c4eb888a7ace85127e23cc54ef2762001eb6c719b52a.png"}],"result":"SUCCESS","precondition":false},{"number":3,"description":"Current page is dropdown","duration":2880,"startTime":"2019-10-01T17:33:43.983+03:00[Europe/Athens]","screenshots":[{"screenshot":"8904f3fd75c459d7cf4ead849144a8f3ef80ee503e5f0cd32faaf0bc600735da.png"},{"screenshot":"d0aa900b5bd115be9a6edf3d6f1d4767c108770017da659b882a5abffbb64649.png"}],"result":"SUCCESS","precondition":false},{"number":4,"description":"Choose country from dropdown: Albania","duration":9788,"startTime":"2019-10-01T17:33:46.864+03:00[Europe/Athens]","screenshots":[{"screenshot":"ca2767e1c3d6d18c21f103eabccf00a1f9240b612ff3f6703e5e483e753697b4.png","htmlSource":"pagesource2436998739527763458.html.txt"}],"exception":{"errorType":"net.thucydides.core.webdriver.exceptions.ElementShouldBeEnabledException","message":"The following error occurred: Expected enabled element was not enabled","stackTrace":[{"declaringClass":"way2automation.pages.DropdownPage","methodName":"selectCountry","fileName":"DropdownPage.java","lineNumber":47},{"declaringClass":"way2automation.steps.DropdownSteps","methodName":"chooseCountryFromDropdown","fileName":"DropdownSteps.java","lineNumber":24},{"declaringClass":"way2automation.features.DropdownTest","methodName":"selectAGivenCountry","fileName":"DropdownTest.java","lineNumber":33}],"rootCause":{"errorType":"org.openqa.selenium.TimeoutException","message":"Expected condition failed: waiting for DropdownPage.inputFieldCountry to be enabled (tried for 5 second(s) with 100 MILLISECONDS interval)","stackTrace":[{"declaringClass":"way2automation.pages.DropdownPage","methodName":"selectCountry","fileName":"DropdownPage.java","lineNumber":47},{"declaringClass":"way2automation.steps.DropdownSteps","methodName":"chooseCountryFromDropdown","fileName":"DropdownSteps.java","lineNumber":24},{"declaringClass":"way2automation.features.DropdownTest","methodName":"selectAGivenCountry","fileName":"DropdownTest.java","lineNumber":33}],"rootCause":{"errorType":"org.openqa.selenium.NoSuchElementException","message":"Timed out after 2 seconds. Element not found\nFor documentation on this error, please visit: http://seleniumhq.org/exceptions/no_such_element.html\nBuild info: version: \u00273.7.1\u0027, revision: \u00278a0099a\u0027, time: \u00272017-11-06T21:01:39.354Z\u0027\nSystem info: host: \u0027EVO215\u0027, ip: \u002710.0.75.1\u0027, os.name: \u0027Windows 10\u0027, os.arch: \u0027amd64\u0027, os.version: \u002710.0\u0027, java.version: \u00271.8.0_171\u0027\nDriver info: driver.version: unknown","stackTrace":[{"declaringClass":"way2automation.pages.DropdownPage","methodName":"selectCountry","fileName":"DropdownPage.java","lineNumber":47},{"declaringClass":"way2automation.steps.DropdownSteps","methodName":"chooseCountryFromDropdown","fileName":"DropdownSteps.java","lineNumber":24},{"declaringClass":"way2automation.features.DropdownTest","methodName":"selectAGivenCountry","fileName":"DropdownTest.java","lineNumber":33}]}}},"result":"FAILURE","precondition":false}],"userStory":{"id":"way2automation.features.DropdownTest","storyName":"Dropdown test","storyClassName":"way2automation.features.DropdownTest","path":"way2automation.features","type":"story"},"featureTag":{"name":"Features/Dropdown test","type":"story"},"title":"Select a given country","tags":[{"name":"Features/Dropdown test","type":"story"}],"startTime":"2019-10-01T17:33:18.638+03:00[Europe/Athens]","duration":38028,"testFailureCause":{"errorType":"net.thucydides.core.webdriver.exceptions.ElementShouldBeEnabledException","message":"The following error occurred: The following error occurred: Expected enabled element was not enabled\nBuild info: version: \u00273.7.1\u0027, revision: \u00278a0099a\u0027, time: \u00272017-11-06T21:01:39.354Z\u0027\nSystem info: host: \u0027EVO215\u0027, ip: \u002710.0.75.1\u0027, os.name: \u0027Windows 10\u0027, os.arch: \u0027amd64\u0027, os.version: \u002710.0\u0027, java.version: \u00271.8.0_171\u0027\nDriver info: driver.version: unknown","stackTrace":[{"declaringClass":"way2automation.pages.DropdownPage","methodName":"selectCountry","fileName":"DropdownPage.java","lineNumber":47},{"declaringClass":"way2automation.steps.DropdownSteps","methodName":"chooseCountryFromDropdown","fileName":"DropdownSteps.java","lineNumber":24},{"declaringClass":"way2automation.features.DropdownTest","methodName":"selectAGivenCountry","fileName":"DropdownTest.java","lineNumber":33}]},"testFailureClassname":"net.thucydides.core.webdriver.exceptions.ElementShouldBeEnabledException","testFailureMessage":"The following error occurred: The following error occurred: Expected enabled element was not enabled\nBuild info: version: \u00273.7.1\u0027, revision: \u00278a0099a\u0027, time: \u00272017-11-06T21:01:39.354Z\u0027\nSystem info: host: \u0027EVO215\u0027, ip: \u002710.0.75.1\u0027, os.name: \u0027Windows 10\u0027, os.arch: \u0027amd64\u0027, os.version: \u002710.0\u0027, java.version: \u00271.8.0_171\u0027\nDriver info: driver.version: unknown","testFailureSummary":"FAILURE;net.thucydides.core.webdriver.exceptions.ElementShouldBeEnabledException;The following error occurred: The following error occurred: Expected enabled element was not enabled\nBuild info: version: \u00273.7.1\u0027, revision: \u00278a0099a\u0027, time: \u00272017-11-06T21:01:39.354Z\u0027\nSystem info: host: \u0027EVO215\u0027, ip: \u002710.0.75.1\u0027, os.name: \u0027Windows 10\u0027, os.arch: \u0027amd64\u0027, os.version: \u002710.0\u0027, java.version: \u00271.8.0_171\u0027\nDriver info: driver.version: unknown;DropdownPage.java","projectKey":"","annotatedResult":"FAILURE","sessionId":"5e5cb7b653f9bc7b0b6bd138d73d14ce","driver":"chrome","manual":false,"testSource":"JUnit","result":"FAILURE"}