<?xml version="1.0" encoding="UTF-8"?><testsuite errors="3" failures="2" name="way2automation.features.DropdownTest" skipped="0" tests="6" time="76.67" timestamp="2019-10-03T16:57:11.018+03:00[Europe/Athens]"><testcase classname="way2automation.features.DropdownTest" name="Enter lower case existing country"><error message="The following error occurred: Timed out after 2 seconds. List elements not visible&#10;For documentation on this error, please visit: http://seleniumhq.org/exceptions/no_such_element.html&#10;Build info: version: '3.7.1', revision: '8a0099a', time: '2017-11-06T21:01:39.354Z'&#10;System info: host: 'EVO215', ip: '10.0.75.1', os.name: 'Windows 10', os.arch: 'amd64', os.version: '10.0', java.version: '1.8.0_171'&#10;Driver info: driver.version: unknown" type="org.openqa.selenium.NoSuchElementException">The following error occurred: Timed out after 2 seconds. List elements not visible
For documentation on this error, please visit: http://seleniumhq.org/exceptions/no_such_element.html
Build info: version: '3.7.1', revision: '8a0099a', time: '2017-11-06T21:01:39.354Z'
System info: host: 'EVO215', ip: '10.0.75.1', os.name: 'Windows 10', os.arch: 'amd64', os.version: '10.0', java.version: '1.8.0_171'
Driver info: driver.version: unknown</error><system-err>The following error occurred: Timed out after 2 seconds. List elements not visible
For documentation on this error, please visit: http://seleniumhq.org/exceptions/no_such_element.html
Build info: version: '3.7.1', revision: '8a0099a', time: '2017-11-06T21:01:39.354Z'
System info: host: 'EVO215', ip: '10.0.75.1', os.name: 'Windows 10', os.arch: 'amd64', os.version: '10.0', java.version: '1.8.0_171'
Driver info: driver.version: unknown&#13;
way2automation.pages.DropdownPage.enterCountryInputAndCompareWithList(DropdownPage.java:98)&#13;
way2automation.steps.DropdownSteps.enterCountryInInputField(DropdownSteps.java:30)&#13;
way2automation.features.DropdownTest.enterLowerCaseExistingCountry(DropdownTest.java:47)&#13;
</system-err></testcase><testcase classname="way2automation.features.DropdownTest" name="Enter an existing country"><error message="The following error occurred: Timed out after 2 seconds. List elements not visible&#10;For documentation on this error, please visit: http://seleniumhq.org/exceptions/no_such_element.html&#10;Build info: version: '3.7.1', revision: '8a0099a', time: '2017-11-06T21:01:39.354Z'&#10;System info: host: 'EVO215', ip: '10.0.75.1', os.name: 'Windows 10', os.arch: 'amd64', os.version: '10.0', java.version: '1.8.0_171'&#10;Driver info: driver.version: unknown" type="org.openqa.selenium.NoSuchElementException">The following error occurred: Timed out after 2 seconds. List elements not visible
For documentation on this error, please visit: http://seleniumhq.org/exceptions/no_such_element.html
Build info: version: '3.7.1', revision: '8a0099a', time: '2017-11-06T21:01:39.354Z'
System info: host: 'EVO215', ip: '10.0.75.1', os.name: 'Windows 10', os.arch: 'amd64', os.version: '10.0', java.version: '1.8.0_171'
Driver info: driver.version: unknown</error><system-err>The following error occurred: Timed out after 2 seconds. List elements not visible
For documentation on this error, please visit: http://seleniumhq.org/exceptions/no_such_element.html
Build info: version: '3.7.1', revision: '8a0099a', time: '2017-11-06T21:01:39.354Z'
System info: host: 'EVO215', ip: '10.0.75.1', os.name: 'Windows 10', os.arch: 'amd64', os.version: '10.0', java.version: '1.8.0_171'
Driver info: driver.version: unknown&#13;
way2automation.pages.DropdownPage.enterCountryInputAndCompareWithList(DropdownPage.java:98)&#13;
way2automation.steps.DropdownSteps.enterCountryInInputField(DropdownSteps.java:30)&#13;
way2automation.features.DropdownTest.enterAnExistingCountry(DropdownTest.java:40)&#13;
</system-err></testcase><testcase classname="way2automation.features.DropdownTest" name="Enter special characters for country input"><failure message="Is not in the list" type="java.lang.AssertionError">Is not in the list</failure><system-err>Is not in the list&#13;
way2automation.pages.DropdownPage.enterCountryInputAndCompareWithList(DropdownPage.java:105)&#13;
way2automation.steps.DropdownSteps.enterCountryInInputField(DropdownSteps.java:30)&#13;
way2automation.features.DropdownTest.enterSpecialCharactersForCountryInput(DropdownTest.java:68)&#13;
</system-err></testcase><testcase classname="way2automation.features.DropdownTest" name="Enter numbers for country input"><failure message="Is not in the list" type="java.lang.AssertionError">Is not in the list</failure><system-err>Is not in the list&#13;
way2automation.pages.DropdownPage.enterCountryInputAndCompareWithList(DropdownPage.java:105)&#13;
way2automation.steps.DropdownSteps.enterCountryInInputField(DropdownSteps.java:30)&#13;
way2automation.features.DropdownTest.enterNumbersForCountryInput(DropdownTest.java:61)&#13;
</system-err></testcase><testcase classname="way2automation.features.DropdownTest" name="Search for an existing country in dropdown"/><testcase classname="way2automation.features.DropdownTest" name="Enter capital letters existing country"><error message="The following error occurred: Timed out after 2 seconds. List elements not visible&#10;For documentation on this error, please visit: http://seleniumhq.org/exceptions/no_such_element.html&#10;Build info: version: '3.7.1', revision: '8a0099a', time: '2017-11-06T21:01:39.354Z'&#10;System info: host: 'EVO215', ip: '10.0.75.1', os.name: 'Windows 10', os.arch: 'amd64', os.version: '10.0', java.version: '1.8.0_171'&#10;Driver info: driver.version: unknown" type="org.openqa.selenium.NoSuchElementException">The following error occurred: Timed out after 2 seconds. List elements not visible
For documentation on this error, please visit: http://seleniumhq.org/exceptions/no_such_element.html
Build info: version: '3.7.1', revision: '8a0099a', time: '2017-11-06T21:01:39.354Z'
System info: host: 'EVO215', ip: '10.0.75.1', os.name: 'Windows 10', os.arch: 'amd64', os.version: '10.0', java.version: '1.8.0_171'
Driver info: driver.version: unknown</error><system-err>The following error occurred: Timed out after 2 seconds. List elements not visible
For documentation on this error, please visit: http://seleniumhq.org/exceptions/no_such_element.html
Build info: version: '3.7.1', revision: '8a0099a', time: '2017-11-06T21:01:39.354Z'
System info: host: 'EVO215', ip: '10.0.75.1', os.name: 'Windows 10', os.arch: 'amd64', os.version: '10.0', java.version: '1.8.0_171'
Driver info: driver.version: unknown&#13;
way2automation.pages.DropdownPage.enterCountryInputAndCompareWithList(DropdownPage.java:98)&#13;
way2automation.steps.DropdownSteps.enterCountryInInputField(DropdownSteps.java:30)&#13;
way2automation.features.DropdownTest.enterCapitalLettersExistingCountry(DropdownTest.java:54)&#13;
</system-err></testcase></testsuite>